<?xml version="1.0" encoding="UTF-8"?>
<!-- Generated by org.testng.reporters.JUnitReportReporter -->
<testsuite hostname="LAPTOP-DSCRN4L3" failures="0" tests="1" name="TestSel.saucedemo.ErrorValidation" time="4.351" errors="0" timestamp="2023-05-09T13:21:17 IST" skipped="0">
  <testcase classname="TestSel.saucedemo.ErrorValidation" name="errormsg" time="4.351"/>
  <system-out/>
</testsuite> <!-- TestSel.saucedemo.ErrorValidation -->
